Base path: 'C:/Program Files/Unity/Hub/Editor/2020.1.13f1/Editor/Data', plugins path 'C:/Program Files/Unity/Hub/Editor/2020.1.13f1/Editor/Data/PlaybackEngines'
Cmd: initializeCompiler
Cmd: initializeCompiler
Cmd: preprocess
  insize=1529 outsize=472 pd=UNITY_ENABLE_REFLECTION_BUFFERS UNITY_USE_DITHER_MASK_FOR_ALPHABLENDED_SHADOWS UNITY_PBS_USE_BRDF1 UNITY_SPECCUBE_BOX_PROJECTION UNITY_SPECCUBE_BLENDING UNITY_ENABLE_DETAIL_NORMALMAP SHADER_API_DESKTOP UNITY_COLORSPACE_GAMMA UNITY_LIGHT_PROBE_PROXY_VOLUME UNITY_LIGHTMAP_FULL_HDR dkw=UNITY_NO_DXT5nm UNITY_ENABLE_NATIVE_SHADOW_LOOKUPS UNITY_METAL_SHADOWS_USE_POINT_FILTERING UNITY_NO_SCREENSPACE_SHADOWS UNITY_PBS_USE_BRDF2 UNITY_PBS_USE_BRDF3 UNITY_NO_FULL_STANDARD_SHADER UNITY_HARDWARE_TIER1 UNITY_HARDWARE_TIER2 UNITY_HARDWARE_TIER3 UNITY_HALF_PRECISION_FRAGMENT_SHADER_REGISTERS UNITY_LIGHTMAP_DLDR_ENCODING UNITY_LIGHTMAP_RGBM_ENCODING UNITY_VIRTUAL_TEXTURING ok=1
Cmd: preprocess
  insize=1995 outsize=386 pd=UNITY_ENABLE_REFLECTION_BUFFERS UNITY_USE_DITHER_MASK_FOR_ALPHABLENDED_SHADOWS UNITY_PBS_USE_BRDF1 UNITY_SPECCUBE_BOX_PROJECTION UNITY_SPECCUBE_BLENDING UNITY_ENABLE_DETAIL_NORMALMAP SHADER_API_DESKTOP UNITY_COLORSPACE_GAMMA UNITY_LIGHT_PROBE_PROXY_VOLUME UNITY_LIGHTMAP_FULL_HDR dkw=UNITY_NO_DXT5nm UNITY_ENABLE_NATIVE_SHADOW_LOOKUPS UNITY_METAL_SHADOWS_USE_POINT_FILTERING UNITY_NO_SCREENSPACE_SHADOWS UNITY_PBS_USE_BRDF2 UNITY_PBS_USE_BRDF3 UNITY_NO_FULL_STANDARD_SHADER UNITY_HARDWARE_TIER1 UNITY_HARDWARE_TIER2 UNITY_HARDWARE_TIER3 UNITY_HALF_PRECISION_FRAGMENT_SHADER_REGISTERS UNITY_LIGHTMAP_DLDR_ENCODING UNITY_LIGHTMAP_RGBM_ENCODING UNITY_VIRTUAL_TEXTURING ok=1
Cmd: preprocess
  insize=1540 outsize=349 pd=UNITY_ENABLE_REFLECTION_BUFFERS UNITY_USE_DITHER_MASK_FOR_ALPHABLENDED_SHADOWS UNITY_PBS_USE_BRDF1 UNITY_SPECCUBE_BOX_PROJECTION UNITY_SPECCUBE_BLENDING UNITY_ENABLE_DETAIL_NORMALMAP SHADER_API_DESKTOP UNITY_COLORSPACE_GAMMA UNITY_LIGHT_PROBE_PROXY_VOLUME UNITY_LIGHTMAP_FULL_HDR dkw=UNITY_NO_DXT5nm UNITY_ENABLE_NATIVE_SHADOW_LOOKUPS UNITY_METAL_SHADOWS_USE_POINT_FILTERING UNITY_NO_SCREENSPACE_SHADOWS UNITY_PBS_USE_BRDF2 UNITY_PBS_USE_BRDF3 UNITY_NO_FULL_STANDARD_SHADER UNITY_HARDWARE_TIER1 UNITY_HARDWARE_TIER2 UNITY_HARDWARE_TIER3 UNITY_HALF_PRECISION_FRAGMENT_SHADER_REGISTERS UNITY_LIGHTMAP_DLDR_ENCODING UNITY_LIGHTMAP_RGBM_ENCODING UNITY_VIRTUAL_TEXTURING ok=1
Cmd: preprocess
  insize=2278 outsize=292 pd=UNITY_ENABLE_REFLECTION_BUFFERS UNITY_USE_DITHER_MASK_FOR_ALPHABLENDED_SHADOWS UNITY_PBS_USE_BRDF1 UNITY_SPECCUBE_BOX_PROJECTION UNITY_SPECCUBE_BLENDING UNITY_ENABLE_DETAIL_NORMALMAP SHADER_API_DESKTOP UNITY_COLORSPACE_GAMMA UNITY_LIGHT_PROBE_PROXY_VOLUME UNITY_LIGHTMAP_FULL_HDR dkw=UNITY_NO_DXT5nm UNITY_ENABLE_NATIVE_SHADOW_LOOKUPS UNITY_METAL_SHADOWS_USE_POINT_FILTERING UNITY_NO_SCREENSPACE_SHADOWS UNITY_PBS_USE_BRDF2 UNITY_PBS_USE_BRDF3 UNITY_NO_FULL_STANDARD_SHADER UNITY_HARDWARE_TIER1 UNITY_HARDWARE_TIER2 UNITY_HARDWARE_TIER3 UNITY_HALF_PRECISION_FRAGMENT_SHADER_REGISTERS UNITY_LIGHTMAP_DLDR_ENCODING UNITY_LIGHTMAP_RGBM_ENCODING UNITY_VIRTUAL_TEXTURING ok=1
Cmd: preprocess
  insize=4060 outsize=809 pd=UNITY_ENABLE_REFLECTION_BUFFERS UNITY_USE_DITHER_MASK_FOR_ALPHABLENDED_SHADOWS UNITY_PBS_USE_BRDF1 UNITY_SPECCUBE_BOX_PROJECTION UNITY_SPECCUBE_BLENDING UNITY_ENABLE_DETAIL_NORMALMAP SHADER_API_DESKTOP UNITY_COLORSPACE_GAMMA UNITY_LIGHT_PROBE_PROXY_VOLUME UNITY_LIGHTMAP_FULL_HDR dkw=UNITY_NO_DXT5nm UNITY_ENABLE_NATIVE_SHADOW_LOOKUPS UNITY_METAL_SHADOWS_USE_POINT_FILTERING UNITY_NO_SCREENSPACE_SHADOWS UNITY_PBS_USE_BRDF2 UNITY_PBS_USE_BRDF3 UNITY_NO_FULL_STANDARD_SHADER UNITY_HARDWARE_TIER1 UNITY_HARDWARE_TIER2 UNITY_HARDWARE_TIER3 UNITY_HALF_PRECISION_FRAGMENT_SHADER_REGISTERS UNITY_LIGHTMAP_DLDR_ENCODING UNITY_LIGHTMAP_RGBM_ENCODING UNITY_VIRTUAL_TEXTURING ok=1
Cmd: preprocess
  insize=1951 outsize=221 pd=UNITY_ENABLE_REFLECTION_BUFFERS UNITY_USE_DITHER_MASK_FOR_ALPHABLENDED_SHADOWS UNITY_PBS_USE_BRDF1 UNITY_SPECCUBE_BOX_PROJECTION UNITY_SPECCUBE_BLENDING UNITY_ENABLE_DETAIL_NORMALMAP SHADER_API_DESKTOP UNITY_COLORSPACE_GAMMA UNITY_LIGHT_PROBE_PROXY_VOLUME UNITY_LIGHTMAP_FULL_HDR dkw=UNITY_NO_DXT5nm UNITY_ENABLE_NATIVE_SHADOW_LOOKUPS UNITY_METAL_SHADOWS_USE_POINT_FILTERING UNITY_NO_SCREENSPACE_SHADOWS UNITY_PBS_USE_BRDF2 UNITY_PBS_USE_BRDF3 UNITY_NO_FULL_STANDARD_SHADER UNITY_HARDWARE_TIER1 UNITY_HARDWARE_TIER2 UNITY_HARDWARE_TIER3 UNITY_HALF_PRECISION_FRAGMENT_SHADER_REGISTERS UNITY_LIGHTMAP_DLDR_ENCODING UNITY_LIGHTMAP_RGBM_ENCODING UNITY_VIRTUAL_TEXTURING ok=1
Cmd: initializeCompiler
Cmd: preprocess
  insize=2276 outsize=292 pd=UNITY_ENABLE_REFLECTION_BUFFERS UNITY_USE_DITHER_MASK_FOR_ALPHABLENDED_SHADOWS UNITY_PBS_USE_BRDF1 UNITY_SPECCUBE_BOX_PROJECTION UNITY_SPECCUBE_BLENDING UNITY_ENABLE_DETAIL_NORMALMAP SHADER_API_DESKTOP UNITY_COLORSPACE_GAMMA UNITY_LIGHT_PROBE_PROXY_VOLUME UNITY_LIGHTMAP_FULL_HDR dkw=UNITY_NO_DXT5nm UNITY_ENABLE_NATIVE_SHADOW_LOOKUPS UNITY_METAL_SHADOWS_USE_POINT_FILTERING UNITY_NO_SCREENSPACE_SHADOWS UNITY_PBS_USE_BRDF2 UNITY_PBS_USE_BRDF3 UNITY_NO_FULL_STANDARD_SHADER UNITY_HARDWARE_TIER1 UNITY_HARDWARE_TIER2 UNITY_HARDWARE_TIER3 UNITY_HALF_PRECISION_FRAGMENT_SHADER_REGISTERS UNITY_LIGHTMAP_DLDR_ENCODING UNITY_LIGHTMAP_RGBM_ENCODING UNITY_VIRTUAL_TEXTURING ok=1
Cmd: preprocess
  insize=2627 outsize=340 pd=UNITY_ENABLE_REFLECTION_BUFFERS UNITY_USE_DITHER_MASK_FOR_ALPHABLENDED_SHADOWS UNITY_PBS_USE_BRDF1 UNITY_SPECCUBE_BOX_PROJECTION UNITY_SPECCUBE_BLENDING UNITY_ENABLE_DETAIL_NORMALMAP SHADER_API_DESKTOP UNITY_COLORSPACE_GAMMA UNITY_LIGHT_PROBE_PROXY_VOLUME UNITY_LIGHTMAP_FULL_HDR dkw=UNITY_NO_DXT5nm UNITY_ENABLE_NATIVE_SHADOW_LOOKUPS UNITY_METAL_SHADOWS_USE_POINT_FILTERING UNITY_NO_SCREENSPACE_SHADOWS UNITY_PBS_USE_BRDF2 UNITY_PBS_USE_BRDF3 UNITY_NO_FULL_STANDARD_SHADER UNITY_HARDWARE_TIER1 UNITY_HARDWARE_TIER2 UNITY_HARDWARE_TIER3 UNITY_HALF_PRECISION_FRAGMENT_SHADER_REGISTERS UNITY_LIGHTMAP_DLDR_ENCODING UNITY_LIGHTMAP_RGBM_ENCODING UNITY_VIRTUAL_TEXTURING ok=1
Cmd: compileComputeKernel
  api=4 insize=222 outsize=684 ok=1
Cmd: compileComputeKernel
  api=4 insize=3405 outsize=22185 ok=1
Cmd: compileComputeKernel
  api=4 insize=3405 outsize=35918 ok=1
Cmd: compileComputeKernel
  api=4 insize=759 outsize=686 ok=1
Cmd: compileComputeKernel
  api=4 insize=759 outsize=858 ok=1
Cmd: compileComputeKernel
  api=4 insize=759 outsize=841 ok=1
Cmd: compileComputeKernel
  api=4 insize=958 outsize=1469 ok=1
Cmd: compileComputeKernel
  api=4 insize=958 outsize=1503 ok=1
Cmd: compileComputeKernel
  api=4 insize=958 outsize=1769 ok=1
Cmd: compileComputeKernel
  api=4 insize=13363 outsize=3723 ok=1
Cmd: compileComputeKernel
  api=4 insize=775 outsize=2791 ok=1
Cmd: compileComputeKernel
  api=4 insize=13751 outsize=1562 ok=1
Cmd: compileComputeKernel
  api=4 insize=13751 outsize=1583 ok=1
Cmd: compileComputeKernel
  api=4 insize=13751 outsize=1920 ok=1
Cmd: compileComputeKernel
  api=4 insize=4703 outsize=3313 ok=1
Cmd: compileComputeKernel
  api=4 insize=4703 outsize=3434 ok=1
Cmd: compileComputeKernel
  api=4 insize=75201 outsize=11603 ok=1
Cmd: compileComputeKernel
  api=4 insize=776 outsize=2791 ok=1
Cmd: compileComputeKernel
  api=4 insize=80473 outsize=1690 ok=1
Cmd: compileComputeKernel
  api=4 insize=80473 outsize=2799 ok=1
Cmd: compileComputeKernel
  api=4 insize=80473 outsize=1583 ok=1
Cmd: compileComputeKernel
  api=4 insize=80473 outsize=5712 ok=1
Cmd: compileComputeKernel
  api=4 insize=80473 outsize=1465 ok=1
Cmd: compileComputeKernel
  api=4 insize=80473 outsize=2245 ok=1
Cmd: compileComputeKernel
  api=4 insize=80473 outsize=3689 ok=1
Cmd: compileComputeKernel
  api=4 insize=80473 outsize=3379 ok=1
Cmd: compileComputeKernel
  api=4 insize=80473 outsize=3461 ok=1
Cmd: compileComputeKernel
  api=4 insize=80473 outsize=3475 ok=1
Cmd: compileComputeKernel
  api=4 insize=80473 outsize=3451 ok=1
Cmd: compileComputeKernel
  api=4 insize=80473 outsize=3403 ok=1
Cmd: compileComputeKernel
  api=4 insize=80473 outsize=3688 ok=1
Cmd: compileComputeKernel
  api=4 insize=80473 outsize=3920 ok=1
Cmd: compileComputeKernel
  api=4 insize=80473 outsize=3472 ok=1
Cmd: compileComputeKernel
  api=4 insize=80473 outsize=3580 ok=1
Cmd: compileComputeKernel
  api=4 insize=80473 outsize=5047 ok=1
Cmd: compileComputeKernel
  api=4 insize=80473 outsize=5483 ok=1
Cmd: compileComputeKernel
  api=4 insize=80473 outsize=5198 ok=1
Cmd: compileComputeKernel
  api=4 insize=80473 outsize=5073 ok=1
Cmd: compileComputeKernel
  api=4 insize=80473 outsize=6508 ok=1
Cmd: compileComputeKernel
  api=4 insize=80473 outsize=3313 ok=1
Cmd: compileComputeKernel
  api=4 insize=80473 outsize=3434 ok=1
Cmd: compileComputeKernel
  api=4 insize=80473 outsize=927 ok=1
Cmd: compileComputeKernel
  api=4 insize=80473 outsize=1931 ok=1
Cmd: compileComputeKernel
  api=4 insize=80473 outsize=4835 ok=1
Cmd: compileComputeKernel
  api=4 insize=4231 outsize=2030 ok=1
Cmd: compileComputeKernel
  api=4 insize=4442 outsize=1594 ok=1
Cmd: compileComputeKernel
  api=4 insize=1900 outsize=3126 ok=1
Cmd: compileComputeKernel
  api=4 insize=958 outsize=1469 ok=1
Cmd: compileComputeKernel
  api=4 insize=958 outsize=1503 ok=1
Cmd: compileComputeKernel
  api=4 insize=467 outsize=2237 ok=1
Cmd: compileComputeKernel
  api=4 insize=467 outsize=2217 ok=1
Cmd: compileComputeKernel
  api=4 insize=10470 outsize=681 ok=1
Cmd: compileComputeKernel
  api=4 insize=10470 outsize=941 ok=1
Cmd: compileComputeKernel
  api=4 insize=10470 outsize=881 ok=1
Cmd: compileComputeKernel
  api=4 insize=10470 outsize=800 ok=1
Cmd: compileComputeKernel
  api=4 insize=10470 outsize=990 ok=1
Cmd: compileComputeKernel
  api=4 insize=10470 outsize=886 ok=1
Cmd: compileComputeKernel
  api=4 insize=10470 outsize=776 ok=1
Cmd: compileComputeKernel
  api=4 insize=10470 outsize=850 ok=1
Cmd: compileComputeKernel
  api=4 insize=10470 outsize=1233 ok=1
Cmd: compileComputeKernel
  api=4 insize=10470 outsize=1800 ok=1
Cmd: compileComputeKernel
  api=4 insize=10470 outsize=1524 ok=1
Cmd: compileComputeKernel
  api=4 insize=10470 outsize=1396 ok=1
Cmd: compileComputeKernel
  api=4 insize=10470 outsize=1304 ok=1
Cmd: compileComputeKernel
  api=4 insize=10470 outsize=1340 ok=1
Cmd: compileComputeKernel
  api=4 insize=10470 outsize=1252 ok=1
Cmd: compileComputeKernel
  api=4 insize=10470 outsize=1847 ok=1
Cmd: compileComputeKernel
  api=4 insize=10470 outsize=1600 ok=1
Cmd: compileComputeKernel
  api=4 insize=10470 outsize=1632 ok=1
Cmd: compileComputeKernel
  api=4 insize=10470 outsize=1809 ok=1
Cmd: compileComputeKernel
  api=4 insize=10470 outsize=1291 ok=1
Cmd: compileComputeKernel
  api=4 insize=10470 outsize=1291 ok=1
Cmd: compileComputeKernel
  api=4 insize=10470 outsize=1365 ok=1
