Base path: 'C:/Program Files/Unity/Hub/Editor/2020.1.13f1/Editor/Data', plugins path 'C:/Program Files/Unity/Hub/Editor/2020.1.13f1/Editor/Data/PlaybackEngines'
Cmd: initializeCompiler
Cmd: compileSnippet
  api=4 type=0 insize=3469 outsize=322 kw= pd=UNITY_ENABLE_REFLECTION_BUFFERS UNITY_USE_DITHER_MASK_FOR_ALPHABLENDED_SHADOWS UNITY_PBS_USE_BRDF1 UNITY_SPECCUBE_BOX_PROJECTION UNITY_SPECCUBE_BLENDING UNITY_ENABLE_DETAIL_NORMALMAP SHADER_API_DESKTOP UNITY_COLORSPACE_GAMMA UNITY_LIGHT_PROBE_PROXY_VOLUME UNITY_LIGHTMAP_FULL_HDR dkw=UNITY_HDR_ON OFFSCREEN TRANSPARENCY_ON UNITY_NO_DXT5nm UNITY_ENABLE_NATIVE_SHADOW_LOOKUPS UNITY_METAL_SHADOWS_USE_POINT_FILTERING UNITY_NO_SCREENSPACE_SHADOWS UNITY_PBS_USE_BRDF2 UNITY_PBS_USE_BRDF3 UNITY_NO_FULL_STANDARD_SHADER UNITY_HARDWARE_TIER1 UNITY_HARDWARE_TIER2 UNITY_HARDWARE_TIER3 UNITY_HALF_PRECISION_FRAGMENT_SHADER_REGISTERS UNITY_LIGHTMAP_DLDR_ENCODING UNITY_LIGHTMAP_RGBM_ENCODING UNITY_VIRTUAL_TEXTURING ok=1
Cmd: initializeCompiler
Cmd: compileSnippet
  api=4 type=0 insize=2728 outsize=690 kw= pd=UNITY_ENABLE_REFLECTION_BUFFERS UNITY_USE_DITHER_MASK_FOR_ALPHABLENDED_SHADOWS UNITY_PBS_USE_BRDF1 UNITY_SPECCUBE_BOX_PROJECTION UNITY_SPECCUBE_BLENDING UNITY_ENABLE_DETAIL_NORMALMAP SHADER_API_DESKTOP UNITY_COLORSPACE_GAMMA UNITY_LIGHT_PROBE_PROXY_VOLUME UNITY_LIGHTMAP_FULL_HDR dkw=VERTICAL_FLIP SRGB_CONVERSION UNITY_NO_DXT5nm UNITY_ENABLE_NATIVE_SHADOW_LOOKUPS UNITY_METAL_SHADOWS_USE_POINT_FILTERING UNITY_NO_SCREENSPACE_SHADOWS UNITY_PBS_USE_BRDF2 UNITY_PBS_USE_BRDF3 UNITY_NO_FULL_STANDARD_SHADER UNITY_HARDWARE_TIER1 UNITY_HARDWARE_TIER2 UNITY_HARDWARE_TIER3 UNITY_HALF_PRECISION_FRAGMENT_SHADER_REGISTERS UNITY_LIGHTMAP_DLDR_ENCODING UNITY_LIGHTMAP_RGBM_ENCODING UNITY_VIRTUAL_TEXTURING ok=1
Cmd: compileComputeKernel
  api=4 insize=3405 outsize=24469 ok=1
Cmd: compileComputeKernel
  api=4 insize=3405 outsize=1576 ok=1
Cmd: compileComputeKernel
  api=4 insize=3405 outsize=1973 ok=1
Cmd: compileComputeKernel
  api=4 insize=3405 outsize=1909 ok=1
Cmd: compileComputeKernel
  api=4 insize=3405 outsize=15724 ok=1
Cmd: compileComputeKernel
  api=4 insize=759 outsize=642 ok=1
Cmd: compileComputeKernel
  api=4 insize=759 outsize=763 ok=1
Cmd: compileComputeKernel
  api=4 insize=958 outsize=1469 ok=1
Cmd: compileComputeKernel
  api=4 insize=958 outsize=1499 ok=1
Cmd: compileComputeKernel
  api=4 insize=13363 outsize=10421 ok=1
Cmd: compileComputeKernel
  api=4 insize=775 outsize=14208 ok=1
Cmd: compileComputeKernel
  api=4 insize=13751 outsize=1562 ok=1
Cmd: compileComputeKernel
  api=4 insize=13751 outsize=2635 ok=1
Cmd: compileComputeKernel
  api=4 insize=4703 outsize=3313 ok=1
Cmd: compileComputeKernel
  api=4 insize=4703 outsize=3578 ok=1
Cmd: compileComputeKernel
  api=4 insize=75201 outsize=2760 ok=1
Cmd: compileComputeKernel
  api=4 insize=75201 outsize=1075 ok=1
Cmd: compileComputeKernel
  api=4 insize=776 outsize=4424 ok=1
Cmd: compileComputeKernel
  api=4 insize=80473 outsize=1690 ok=1
Cmd: compileComputeKernel
  api=4 insize=80473 outsize=2799 ok=1
Cmd: compileComputeKernel
  api=4 insize=80473 outsize=1583 ok=1
Cmd: compileComputeKernel
  api=4 insize=80473 outsize=2483 ok=1
Cmd: compileComputeKernel
  api=4 insize=80473 outsize=1638 ok=1
Cmd: compileComputeKernel
  api=4 insize=80473 outsize=1493 ok=1
Cmd: compileComputeKernel
  api=4 insize=80473 outsize=1693 ok=1
Cmd: compileComputeKernel
  api=4 insize=80473 outsize=1435 ok=1
Cmd: compileComputeKernel
  api=4 insize=80473 outsize=4090 ok=1
Cmd: compileComputeKernel
  api=4 insize=80473 outsize=3376 ok=1
Cmd: compileComputeKernel
  api=4 insize=80473 outsize=3413 ok=1
Cmd: compileComputeKernel
  api=4 insize=80473 outsize=3639 ok=1
Cmd: compileComputeKernel
  api=4 insize=80473 outsize=3376 ok=1
Cmd: compileComputeKernel
  api=4 insize=80473 outsize=3720 ok=1
Cmd: compileComputeKernel
  api=4 insize=80473 outsize=3379 ok=1
Cmd: compileComputeKernel
  api=4 insize=80473 outsize=1368 ok=1
Cmd: compileComputeKernel
  api=4 insize=80473 outsize=1553 ok=1
Cmd: compileComputeKernel
  api=4 insize=80473 outsize=5043 ok=1
Cmd: compileComputeKernel
  api=4 insize=80473 outsize=5043 ok=1
Cmd: compileComputeKernel
  api=4 insize=80473 outsize=5075 ok=1
Cmd: compileComputeKernel
  api=4 insize=80473 outsize=5221 ok=1
Cmd: compileComputeKernel
  api=4 insize=80473 outsize=3418 ok=1
Cmd: compileComputeKernel
  api=4 insize=80473 outsize=3578 ok=1
Cmd: compileComputeKernel
  api=4 insize=80473 outsize=3433 ok=1
Cmd: compileComputeKernel
  api=4 insize=80473 outsize=2214 ok=1
Cmd: compileComputeKernel
  api=4 insize=80473 outsize=1754 ok=1
Cmd: compileComputeKernel
  api=4 insize=80473 outsize=927 ok=1
Cmd: compileComputeKernel
  api=4 insize=80473 outsize=2306 ok=1
Cmd: compileComputeKernel
  api=4 insize=80473 outsize=4575 ok=1
Cmd: compileComputeKernel
  api=4 insize=4231 outsize=3008 ok=1
Cmd: compileComputeKernel
  api=4 insize=4442 outsize=1688 ok=1
Cmd: compileComputeKernel
  api=4 insize=958 outsize=1624 ok=1
Cmd: compileComputeKernel
  api=4 insize=467 outsize=2141 ok=1
Cmd: compileComputeKernel
  api=4 insize=467 outsize=5737 ok=1
Cmd: compileComputeKernel
  api=4 insize=10470 outsize=681 ok=1
Cmd: compileComputeKernel
  api=4 insize=10470 outsize=679 ok=1
Cmd: compileComputeKernel
  api=4 insize=10470 outsize=838 ok=1
Cmd: compileComputeKernel
  api=4 insize=10470 outsize=705 ok=1
Cmd: compileComputeKernel
  api=4 insize=10470 outsize=704 ok=1
Cmd: compileComputeKernel
  api=4 insize=10470 outsize=851 ok=1
Cmd: compileComputeKernel
  api=4 insize=10470 outsize=1222 ok=1
Cmd: compileComputeKernel
  api=4 insize=10470 outsize=633 ok=1
Cmd: compileComputeKernel
  api=4 insize=10470 outsize=885 ok=1
Cmd: compileComputeKernel
  api=4 insize=10470 outsize=1551 ok=1
Cmd: compileComputeKernel
  api=4 insize=10470 outsize=1501 ok=1
Cmd: compileComputeKernel
  api=4 insize=10470 outsize=1396 ok=1
Cmd: compileComputeKernel
  api=4 insize=10470 outsize=1406 ok=1
Cmd: compileComputeKernel
  api=4 insize=10470 outsize=1315 ok=1
Cmd: compileComputeKernel
  api=4 insize=10470 outsize=1288 ok=1
Cmd: compileComputeKernel
  api=4 insize=10470 outsize=1391 ok=1
Cmd: compileComputeKernel
  api=4 insize=10470 outsize=1537 ok=1
Cmd: compileComputeKernel
  api=4 insize=10470 outsize=1609 ok=1
Cmd: compileComputeKernel
  api=4 insize=10470 outsize=1832 ok=1
Cmd: compileComputeKernel
  api=4 insize=10470 outsize=1291 ok=1
Cmd: compileComputeKernel
  api=4 insize=10470 outsize=1321 ok=1
Cmd: compileComputeKernel
  api=4 insize=10470 outsize=1260 ok=1
