Base path: 'C:/Program Files/Unity/Hub/Editor/2020.1.13f1/Editor/Data', plugins path 'C:/Program Files/Unity/Hub/Editor/2020.1.13f1/Editor/Data/PlaybackEngines'
Cmd: initializeCompiler
Cmd: initializeCompiler
Cmd: compileSnippet
  api=4 type=0 insize=3466 outsize=322 kw= pd=UNITY_ENABLE_REFLECTION_BUFFERS UNITY_USE_DITHER_MASK_FOR_ALPHABLENDED_SHADOWS UNITY_PBS_USE_BRDF1 UNITY_SPECCUBE_BOX_PROJECTION UNITY_SPECCUBE_BLENDING UNITY_ENABLE_DETAIL_NORMALMAP SHADER_API_DESKTOP UNITY_COLORSPACE_GAMMA UNITY_LIGHT_PROBE_PROXY_VOLUME UNITY_LIGHTMAP_FULL_HDR dkw=UNITY_HDR_ON OFFSCREEN TRANSPARENCY_ON UNITY_NO_DXT5nm UNITY_ENABLE_NATIVE_SHADOW_LOOKUPS UNITY_METAL_SHADOWS_USE_POINT_FILTERING UNITY_NO_SCREENSPACE_SHADOWS UNITY_PBS_USE_BRDF2 UNITY_PBS_USE_BRDF3 UNITY_NO_FULL_STANDARD_SHADER UNITY_HARDWARE_TIER1 UNITY_HARDWARE_TIER2 UNITY_HARDWARE_TIER3 UNITY_HALF_PRECISION_FRAGMENT_SHADER_REGISTERS UNITY_LIGHTMAP_DLDR_ENCODING UNITY_LIGHTMAP_RGBM_ENCODING UNITY_VIRTUAL_TEXTURING ok=1
Cmd: initializeCompiler
Cmd: compileSnippet
  api=4 type=1 insize=2425 outsize=2314 kw= pd=UNITY_ENABLE_REFLECTION_BUFFERS UNITY_USE_DITHER_MASK_FOR_ALPHABLENDED_SHADOWS UNITY_PBS_USE_BRDF1 UNITY_SPECCUBE_BOX_PROJECTION UNITY_SPECCUBE_BLENDING UNITY_ENABLE_DETAIL_NORMALMAP SHADER_API_DESKTOP UNITY_COLORSPACE_GAMMA UNITY_LIGHT_PROBE_PROXY_VOLUME UNITY_LIGHTMAP_FULL_HDR dkw=UNITY_NO_DXT5nm UNITY_ENABLE_NATIVE_SHADOW_LOOKUPS UNITY_METAL_SHADOWS_USE_POINT_FILTERING UNITY_NO_SCREENSPACE_SHADOWS UNITY_PBS_USE_BRDF2 UNITY_PBS_USE_BRDF3 UNITY_NO_FULL_STANDARD_SHADER UNITY_HARDWARE_TIER1 UNITY_HARDWARE_TIER2 UNITY_HARDWARE_TIER3 UNITY_HALF_PRECISION_FRAGMENT_SHADER_REGISTERS UNITY_LIGHTMAP_DLDR_ENCODING UNITY_LIGHTMAP_RGBM_ENCODING UNITY_VIRTUAL_TEXTURING ok=1
Cmd: compileComputeKernel
  api=4 insize=222 outsize=779 ok=1
Cmd: compileComputeKernel
  api=4 insize=3405 outsize=27249 ok=1
Cmd: compileComputeKernel
  api=4 insize=759 outsize=781 ok=1
Cmd: compileComputeKernel
  api=4 insize=759 outsize=1009 ok=1
Cmd: compileComputeKernel
  api=4 insize=759 outsize=848 ok=1
Cmd: compileComputeKernel
  api=4 insize=958 outsize=1469 ok=1
Cmd: compileComputeKernel
  api=4 insize=958 outsize=1615 ok=1
Cmd: compileComputeKernel
  api=4 insize=13363 outsize=11283 ok=1
Cmd: compileComputeKernel
  api=4 insize=775 outsize=6816 ok=1
Cmd: compileComputeKernel
  api=4 insize=13751 outsize=1202 ok=1
Cmd: compileComputeKernel
  api=4 insize=13751 outsize=1975 ok=1
Cmd: compileComputeKernel
  api=4 insize=13751 outsize=1368 ok=1
Cmd: compileComputeKernel
  api=4 insize=13751 outsize=3118 ok=1
Cmd: compileComputeKernel
  api=4 insize=4703 outsize=3433 ok=1
Cmd: compileComputeKernel
  api=4 insize=4703 outsize=3578 ok=1
Cmd: compileComputeKernel
  api=4 insize=75201 outsize=7892 ok=1
Cmd: compileComputeKernel
  api=4 insize=80473 outsize=2854 ok=1
Cmd: compileComputeKernel
  api=4 insize=80473 outsize=3103 ok=1
Cmd: compileComputeKernel
  api=4 insize=80473 outsize=5216 ok=1
Cmd: compileComputeKernel
  api=4 insize=80473 outsize=2045 ok=1
Cmd: compileComputeKernel
  api=4 insize=80473 outsize=1671 ok=1
Cmd: compileComputeKernel
  api=4 insize=80473 outsize=4090 ok=1
Cmd: compileComputeKernel
  api=4 insize=80473 outsize=3377 ok=1
Cmd: compileComputeKernel
  api=4 insize=80473 outsize=1898 ok=1
Cmd: compileComputeKernel
  api=4 insize=80473 outsize=3484 ok=1
Cmd: compileComputeKernel
  api=4 insize=80473 outsize=3413 ok=1
Cmd: compileComputeKernel
  api=4 insize=80473 outsize=3639 ok=1
Cmd: compileComputeKernel
  api=4 insize=80473 outsize=3688 ok=1
Cmd: compileComputeKernel
  api=4 insize=80473 outsize=3920 ok=1
Cmd: compileComputeKernel
  api=4 insize=80473 outsize=3379 ok=1
Cmd: compileComputeKernel
  api=4 insize=80473 outsize=3479 ok=1
Cmd: compileComputeKernel
  api=4 insize=80473 outsize=5043 ok=1
Cmd: compileComputeKernel
  api=4 insize=80473 outsize=5043 ok=1
Cmd: compileComputeKernel
  api=4 insize=80473 outsize=5198 ok=1
Cmd: compileComputeKernel
  api=4 insize=80473 outsize=5077 ok=1
Cmd: compileComputeKernel
  api=4 insize=80473 outsize=5222 ok=1
Cmd: compileComputeKernel
  api=4 insize=80473 outsize=3433 ok=1
Cmd: compileComputeKernel
  api=4 insize=80473 outsize=1594 ok=1
Cmd: compileComputeKernel
  api=4 insize=80473 outsize=1684 ok=1
Cmd: compileComputeKernel
  api=4 insize=4231 outsize=3840 ok=1
Cmd: compileComputeKernel
  api=4 insize=4442 outsize=1688 ok=1
Cmd: compileComputeKernel
  api=4 insize=958 outsize=1469 ok=1
Cmd: compileComputeKernel
  api=4 insize=958 outsize=1498 ok=1
Cmd: compileComputeKernel
  api=4 insize=467 outsize=3151 ok=1
Cmd: compileComputeKernel
  api=4 insize=467 outsize=5897 ok=1
Cmd: compileComputeKernel
  api=4 insize=10470 outsize=633 ok=1
Cmd: compileComputeKernel
  api=4 insize=10470 outsize=627 ok=1
Cmd: compileComputeKernel
  api=4 insize=10470 outsize=681 ok=1
Cmd: compileComputeKernel
  api=4 insize=10470 outsize=720 ok=1
Cmd: compileComputeKernel
  api=4 insize=10470 outsize=1314 ok=1
Cmd: compileComputeKernel
  api=4 insize=10470 outsize=795 ok=1
Cmd: compileComputeKernel
  api=4 insize=10470 outsize=842 ok=1
Cmd: compileComputeKernel
  api=4 insize=10470 outsize=697 ok=1
Cmd: compileComputeKernel
  api=4 insize=10470 outsize=1325 ok=1
Cmd: compileComputeKernel
  api=4 insize=10470 outsize=1488 ok=1
Cmd: compileComputeKernel
  api=4 insize=10470 outsize=1350 ok=1
Cmd: compileComputeKernel
  api=4 insize=10470 outsize=1367 ok=1
Cmd: compileComputeKernel
  api=4 insize=10470 outsize=1363 ok=1
Cmd: compileComputeKernel
  api=4 insize=10470 outsize=1252 ok=1
Cmd: compileComputeKernel
  api=4 insize=10470 outsize=1373 ok=1
Cmd: compileComputeKernel
  api=4 insize=10470 outsize=1834 ok=1
Cmd: compileComputeKernel
  api=4 insize=10470 outsize=1577 ok=1
Cmd: compileComputeKernel
  api=4 insize=10470 outsize=1569 ok=1
Cmd: compileComputeKernel
  api=4 insize=10470 outsize=1405 ok=1
Cmd: compileComputeKernel
  api=4 insize=10470 outsize=1268 ok=1
Cmd: compileComputeKernel
  api=4 insize=10470 outsize=1291 ok=1
Cmd: compileComputeKernel
  api=4 insize=10470 outsize=1325 ok=1
