Base path: 'C:/Program Files/Unity/Hub/Editor/2020.1.13f1/Editor/Data', plugins path 'C:/Program Files/Unity/Hub/Editor/2020.1.13f1/Editor/Data/PlaybackEngines'
Cmd: initializeCompiler
Cmd: compileSnippet
  api=4 type=1 insize=3470 outsize=366 kw= pd=UNITY_ENABLE_REFLECTION_BUFFERS UNITY_USE_DITHER_MASK_FOR_ALPHABLENDED_SHADOWS UNITY_PBS_USE_BRDF1 UNITY_SPECCUBE_BOX_PROJECTION UNITY_SPECCUBE_BLENDING UNITY_ENABLE_DETAIL_NORMALMAP SHADER_API_DESKTOP UNITY_COLORSPACE_GAMMA UNITY_LIGHT_PROBE_PROXY_VOLUME UNITY_LIGHTMAP_FULL_HDR dkw=UNITY_HDR_ON OFFSCREEN TRANSPARENCY_ON UNITY_NO_DXT5nm UNITY_ENABLE_NATIVE_SHADOW_LOOKUPS UNITY_METAL_SHADOWS_USE_POINT_FILTERING UNITY_NO_SCREENSPACE_SHADOWS UNITY_PBS_USE_BRDF2 UNITY_PBS_USE_BRDF3 UNITY_NO_FULL_STANDARD_SHADER UNITY_HARDWARE_TIER1 UNITY_HARDWARE_TIER2 UNITY_HARDWARE_TIER3 UNITY_HALF_PRECISION_FRAGMENT_SHADER_REGISTERS UNITY_LIGHTMAP_DLDR_ENCODING UNITY_LIGHTMAP_RGBM_ENCODING UNITY_VIRTUAL_TEXTURING ok=1
Cmd: compileSnippet
  api=4 type=0 insize=2048 outsize=690 kw= pd=UNITY_ENABLE_REFLECTION_BUFFERS UNITY_USE_DITHER_MASK_FOR_ALPHABLENDED_SHADOWS UNITY_PBS_USE_BRDF1 UNITY_SPECCUBE_BOX_PROJECTION UNITY_SPECCUBE_BLENDING UNITY_ENABLE_DETAIL_NORMALMAP SHADER_API_DESKTOP UNITY_COLORSPACE_GAMMA UNITY_LIGHT_PROBE_PROXY_VOLUME UNITY_LIGHTMAP_FULL_HDR dkw=TRANSPARENCY_ON VERTICAL_FLIP UNITY_NO_DXT5nm UNITY_ENABLE_NATIVE_SHADOW_LOOKUPS UNITY_METAL_SHADOWS_USE_POINT_FILTERING UNITY_NO_SCREENSPACE_SHADOWS UNITY_PBS_USE_BRDF2 UNITY_PBS_USE_BRDF3 UNITY_NO_FULL_STANDARD_SHADER UNITY_HARDWARE_TIER1 UNITY_HARDWARE_TIER2 UNITY_HARDWARE_TIER3 UNITY_HALF_PRECISION_FRAGMENT_SHADER_REGISTERS UNITY_LIGHTMAP_DLDR_ENCODING UNITY_LIGHTMAP_RGBM_ENCODING UNITY_VIRTUAL_TEXTURING ok=1
Cmd: compileSnippet
  api=4 type=1 insize=2048 outsize=346 kw= pd=UNITY_ENABLE_REFLECTION_BUFFERS UNITY_USE_DITHER_MASK_FOR_ALPHABLENDED_SHADOWS UNITY_PBS_USE_BRDF1 UNITY_SPECCUBE_BOX_PROJECTION UNITY_SPECCUBE_BLENDING UNITY_ENABLE_DETAIL_NORMALMAP SHADER_API_DESKTOP UNITY_COLORSPACE_GAMMA UNITY_LIGHT_PROBE_PROXY_VOLUME UNITY_LIGHTMAP_FULL_HDR dkw=TRANSPARENCY_ON VERTICAL_FLIP UNITY_NO_DXT5nm UNITY_ENABLE_NATIVE_SHADOW_LOOKUPS UNITY_METAL_SHADOWS_USE_POINT_FILTERING UNITY_NO_SCREENSPACE_SHADOWS UNITY_PBS_USE_BRDF2 UNITY_PBS_USE_BRDF3 UNITY_NO_FULL_STANDARD_SHADER UNITY_HARDWARE_TIER1 UNITY_HARDWARE_TIER2 UNITY_HARDWARE_TIER3 UNITY_HALF_PRECISION_FRAGMENT_SHADER_REGISTERS UNITY_LIGHTMAP_DLDR_ENCODING UNITY_LIGHTMAP_RGBM_ENCODING UNITY_VIRTUAL_TEXTURING ok=1
Cmd: compileSnippet
  api=4 type=1 insize=1499 outsize=758 kw= pd=UNITY_ENABLE_REFLECTION_BUFFERS UNITY_USE_DITHER_MASK_FOR_ALPHABLENDED_SHADOWS UNITY_PBS_USE_BRDF1 UNITY_SPECCUBE_BOX_PROJECTION UNITY_SPECCUBE_BLENDING UNITY_ENABLE_DETAIL_NORMALMAP SHADER_API_DESKTOP UNITY_COLORSPACE_GAMMA UNITY_LIGHT_PROBE_PROXY_VOLUME UNITY_LIGHTMAP_FULL_HDR dkw=UNITY_NO_DXT5nm UNITY_ENABLE_NATIVE_SHADOW_LOOKUPS UNITY_METAL_SHADOWS_USE_POINT_FILTERING UNITY_NO_SCREENSPACE_SHADOWS UNITY_PBS_USE_BRDF2 UNITY_PBS_USE_BRDF3 UNITY_NO_FULL_STANDARD_SHADER UNITY_HARDWARE_TIER1 UNITY_HARDWARE_TIER2 UNITY_HARDWARE_TIER3 UNITY_HALF_PRECISION_FRAGMENT_SHADER_REGISTERS UNITY_LIGHTMAP_DLDR_ENCODING UNITY_LIGHTMAP_RGBM_ENCODING UNITY_VIRTUAL_TEXTURING ok=1
Cmd: initializeCompiler
Cmd: compileComputeKernel
  api=4 insize=222 outsize=626 ok=1
Cmd: compileComputeKernel
  api=4 insize=3405 outsize=35261 ok=1
Cmd: compileComputeKernel
  api=4 insize=3405 outsize=3729 ok=1
Cmd: compileComputeKernel
  api=4 insize=759 outsize=715 ok=1
Cmd: compileComputeKernel
  api=4 insize=759 outsize=795 ok=1
Cmd: compileComputeKernel
  api=4 insize=759 outsize=809 ok=1
Cmd: compileComputeKernel
  api=4 insize=958 outsize=1624 ok=1
Cmd: compileComputeKernel
  api=4 insize=958 outsize=1532 ok=1
Cmd: compileComputeKernel
  api=4 insize=13363 outsize=10493 ok=1
Cmd: compileComputeKernel
  api=4 insize=775 outsize=12424 ok=1
Cmd: compileComputeKernel
  api=4 insize=13751 outsize=1050 ok=1
Cmd: compileComputeKernel
  api=4 insize=13751 outsize=1844 ok=1
Cmd: compileComputeKernel
  api=4 insize=13751 outsize=2222 ok=1
Cmd: compileComputeKernel
  api=4 insize=4703 outsize=3433 ok=1
Cmd: compileComputeKernel
  api=4 insize=4703 outsize=3314 ok=1
Cmd: compileComputeKernel
  api=4 insize=75201 outsize=5019 ok=1
Cmd: compileComputeKernel
  error: 1 plat 4 at Conv2d.cginc(756): signed/unsigned mismatch, unsigned assumed
  api=4 insize=776 outsize=9769 ok=1
Cmd: compileComputeKernel
  api=4 insize=80473 outsize=3858 ok=1
Cmd: compileComputeKernel
  api=4 insize=80473 outsize=2191 ok=1
Cmd: compileComputeKernel
  api=4 insize=80473 outsize=2638 ok=1
Cmd: compileComputeKernel
  api=4 insize=80473 outsize=1493 ok=1
Cmd: compileComputeKernel
  api=4 insize=80473 outsize=2081 ok=1
Cmd: compileComputeKernel
  api=4 insize=80473 outsize=1651 ok=1
Cmd: compileComputeKernel
  api=4 insize=80473 outsize=3416 ok=1
Cmd: compileComputeKernel
  api=4 insize=80473 outsize=3377 ok=1
Cmd: compileComputeKernel
  api=4 insize=80473 outsize=1847 ok=1
Cmd: compileComputeKernel
  api=4 insize=80473 outsize=4876 ok=1
Cmd: compileComputeKernel
  api=4 insize=80473 outsize=3376 ok=1
Cmd: compileComputeKernel
  api=4 insize=80473 outsize=3720 ok=1
Cmd: compileComputeKernel
  api=4 insize=80473 outsize=3493 ok=1
Cmd: compileComputeKernel
  api=4 insize=80473 outsize=3411 ok=1
Cmd: compileComputeKernel
  api=4 insize=80473 outsize=1584 ok=1
Cmd: compileComputeKernel
  api=4 insize=80473 outsize=5047 ok=1
Cmd: compileComputeKernel
  api=4 insize=80473 outsize=5483 ok=1
Cmd: compileComputeKernel
  api=4 insize=80473 outsize=5080 ok=1
Cmd: compileComputeKernel
  api=4 insize=80473 outsize=5073 ok=1
Cmd: compileComputeKernel
  api=4 insize=80473 outsize=3418 ok=1
Cmd: compileComputeKernel
  api=4 insize=80473 outsize=3558 ok=1
Cmd: compileComputeKernel
  api=4 insize=80473 outsize=3486 ok=1
Cmd: compileComputeKernel
  api=4 insize=80473 outsize=2214 ok=1
Cmd: compileComputeKernel
  api=4 insize=80473 outsize=1754 ok=1
Cmd: compileComputeKernel
  api=4 insize=80473 outsize=2270 ok=1
Cmd: compileComputeKernel
  api=4 insize=80473 outsize=3642 ok=1
Cmd: compileComputeKernel
  api=4 insize=4231 outsize=2182 ok=1
Cmd: compileComputeKernel
  api=4 insize=4442 outsize=1453 ok=1
Cmd: compileComputeKernel
  api=4 insize=1900 outsize=3126 ok=1
Cmd: compileComputeKernel
  api=4 insize=958 outsize=1469 ok=1
Cmd: compileComputeKernel
  api=4 insize=958 outsize=1499 ok=1
Cmd: compileComputeKernel
  api=4 insize=467 outsize=5449 ok=1
Cmd: compileComputeKernel
  api=4 insize=467 outsize=3163 ok=1
Cmd: compileComputeKernel
  api=4 insize=10470 outsize=776 ok=1
Cmd: compileComputeKernel
  api=4 insize=10470 outsize=774 ok=1
Cmd: compileComputeKernel
  api=4 insize=10470 outsize=859 ok=1
Cmd: compileComputeKernel
  api=4 insize=10470 outsize=681 ok=1
Cmd: compileComputeKernel
  api=4 insize=10470 outsize=815 ok=1
Cmd: compileComputeKernel
  api=4 insize=10470 outsize=886 ok=1
Cmd: compileComputeKernel
  api=4 insize=10470 outsize=1714 ok=1
Cmd: compileComputeKernel
  api=4 insize=10470 outsize=786 ok=1
Cmd: compileComputeKernel
  api=4 insize=10470 outsize=790 ok=1
Cmd: compileComputeKernel
  api=4 insize=10470 outsize=1296 ok=1
Cmd: compileComputeKernel
  api=4 insize=10470 outsize=1262 ok=1
Cmd: compileComputeKernel
  api=4 insize=10470 outsize=1373 ok=1
Cmd: compileComputeKernel
  api=4 insize=10470 outsize=1469 ok=1
Cmd: compileComputeKernel
  api=4 insize=10470 outsize=1315 ok=1
Cmd: compileComputeKernel
  api=4 insize=10470 outsize=1225 ok=1
Cmd: compileComputeKernel
  api=4 insize=10470 outsize=1834 ok=1
Cmd: compileComputeKernel
  api=4 insize=10470 outsize=1600 ok=1
Cmd: compileComputeKernel
  api=4 insize=10470 outsize=1632 ok=1
Cmd: compileComputeKernel
  api=4 insize=10470 outsize=1832 ok=1
Cmd: compileComputeKernel
  api=4 insize=10470 outsize=1228 ok=1
Cmd: compileComputeKernel
  api=4 insize=10470 outsize=1228 ok=1
Cmd: compileComputeKernel
  api=4 insize=10470 outsize=1323 ok=1
