Base path: 'C:/Program Files/Unity/Hub/Editor/2020.1.13f1/Editor/Data', plugins path 'C:/Program Files/Unity/Hub/Editor/2020.1.13f1/Editor/Data/PlaybackEngines'
Cmd: initializeCompiler
Cmd: initializeCompiler
Cmd: compileSnippet
  api=4 type=1 insize=3504 outsize=1166 kw= pd=UNITY_ENABLE_REFLECTION_BUFFERS UNITY_USE_DITHER_MASK_FOR_ALPHABLENDED_SHADOWS UNITY_PBS_USE_BRDF1 UNITY_SPECCUBE_BOX_PROJECTION UNITY_SPECCUBE_BLENDING UNITY_ENABLE_DETAIL_NORMALMAP SHADER_API_DESKTOP UNITY_COLORSPACE_GAMMA UNITY_LIGHT_PROBE_PROXY_VOLUME UNITY_LIGHTMAP_FULL_HDR dkw=UNITY_HDR_ON OFFSCREEN TRANSPARENCY_ON UNITY_NO_DXT5nm UNITY_ENABLE_NATIVE_SHADOW_LOOKUPS UNITY_METAL_SHADOWS_USE_POINT_FILTERING UNITY_NO_SCREENSPACE_SHADOWS UNITY_PBS_USE_BRDF2 UNITY_PBS_USE_BRDF3 UNITY_NO_FULL_STANDARD_SHADER UNITY_HARDWARE_TIER1 UNITY_HARDWARE_TIER2 UNITY_HARDWARE_TIER3 UNITY_HALF_PRECISION_FRAGMENT_SHADER_REGISTERS UNITY_LIGHTMAP_DLDR_ENCODING UNITY_LIGHTMAP_RGBM_ENCODING UNITY_VIRTUAL_TEXTURING ok=1
Cmd: initializeCompiler
Cmd: compileComputeKernel
  api=4 insize=222 outsize=773 ok=1
Cmd: compileComputeKernel
  api=4 insize=3405 outsize=22262 ok=1
Cmd: compileComputeKernel
  api=4 insize=3405 outsize=30678 ok=1
Cmd: compileComputeKernel
  api=4 insize=759 outsize=810 ok=1
Cmd: compileComputeKernel
  api=4 insize=759 outsize=753 ok=1
Cmd: compileComputeKernel
  api=4 insize=759 outsize=1039 ok=1
Cmd: compileComputeKernel
  api=4 insize=958 outsize=1469 ok=1
Cmd: compileComputeKernel
  api=4 insize=958 outsize=1506 ok=1
Cmd: compileComputeKernel
  api=4 insize=13363 outsize=11046 ok=1
Cmd: compileComputeKernel
  api=4 insize=775 outsize=4424 ok=1
Cmd: compileComputeKernel
  api=4 insize=13751 outsize=1103 ok=1
Cmd: compileComputeKernel
  api=4 insize=13751 outsize=1867 ok=1
Cmd: compileComputeKernel
  api=4 insize=13751 outsize=2483 ok=1
Cmd: compileComputeKernel
  api=4 insize=4703 outsize=3486 ok=1
Cmd: compileComputeKernel
  api=4 insize=4703 outsize=3558 ok=1
Cmd: compileComputeKernel
  api=4 insize=75201 outsize=12704 ok=1
Cmd: compileComputeKernel
  api=4 insize=776 outsize=14584 ok=1
Cmd: compileComputeKernel
  api=4 insize=80473 outsize=3822 ok=1
Cmd: compileComputeKernel
  api=4 insize=80473 outsize=2191 ok=1
Cmd: compileComputeKernel
  api=4 insize=80473 outsize=2486 ok=1
Cmd: compileComputeKernel
  api=4 insize=80473 outsize=1465 ok=1
Cmd: compileComputeKernel
  api=4 insize=80473 outsize=1339 ok=1
Cmd: compileComputeKernel
  api=4 insize=80473 outsize=3275 ok=1
Cmd: compileComputeKernel
  api=4 insize=80473 outsize=3379 ok=1
Cmd: compileComputeKernel
  api=4 insize=80473 outsize=3402 ok=1
Cmd: compileComputeKernel
  api=4 insize=80473 outsize=3612 ok=1
Cmd: compileComputeKernel
  api=4 insize=80473 outsize=3475 ok=1
Cmd: compileComputeKernel
  api=4 insize=80473 outsize=4876 ok=1
Cmd: compileComputeKernel
  api=4 insize=80473 outsize=3869 ok=1
Cmd: compileComputeKernel
  api=4 insize=80473 outsize=3489 ok=1
Cmd: compileComputeKernel
  api=4 insize=80473 outsize=3379 ok=1
Cmd: compileComputeKernel
  api=4 insize=80473 outsize=3476 ok=1
Cmd: compileComputeKernel
  api=4 insize=80473 outsize=1368 ok=1
Cmd: compileComputeKernel
  api=4 insize=80473 outsize=5043 ok=1
Cmd: compileComputeKernel
  api=4 insize=80473 outsize=5043 ok=1
Cmd: compileComputeKernel
  api=4 insize=80473 outsize=5043 ok=1
Cmd: compileComputeKernel
  api=4 insize=80473 outsize=5072 ok=1
Cmd: compileComputeKernel
  api=4 insize=80473 outsize=5222 ok=1
Cmd: compileComputeKernel
  api=4 insize=80473 outsize=3313 ok=1
Cmd: compileComputeKernel
  api=4 insize=80473 outsize=1453 ok=1
Cmd: compileComputeKernel
  api=4 insize=80473 outsize=3765 ok=1
Cmd: compileComputeKernel
  api=4 insize=80473 outsize=3118 ok=1
Cmd: compileComputeKernel
  api=4 insize=4442 outsize=1754 ok=1
Cmd: compileComputeKernel
  api=4 insize=958 outsize=1469 ok=1
Cmd: compileComputeKernel
  api=4 insize=958 outsize=1501 ok=1
Cmd: compileComputeKernel
  api=4 insize=467 outsize=5637 ok=1
Cmd: compileComputeKernel
  api=4 insize=467 outsize=2141 ok=1
Cmd: compileComputeKernel
  api=4 insize=10470 outsize=626 ok=1
Cmd: compileComputeKernel
  api=4 insize=10470 outsize=786 ok=1
Cmd: compileComputeKernel
  api=4 insize=10470 outsize=705 ok=1
Cmd: compileComputeKernel
  api=4 insize=10470 outsize=835 ok=1
Cmd: compileComputeKernel
  api=4 insize=10470 outsize=1250 ok=1
Cmd: compileComputeKernel
  api=4 insize=10470 outsize=1117 ok=1
Cmd: compileComputeKernel
  api=4 insize=10470 outsize=859 ok=1
Cmd: compileComputeKernel
  api=4 insize=10470 outsize=881 ok=1
Cmd: compileComputeKernel
  api=4 insize=10470 outsize=713 ok=1
Cmd: compileComputeKernel
  api=4 insize=10470 outsize=1325 ok=1
Cmd: compileComputeKernel
  api=4 insize=10470 outsize=1141 ok=1
Cmd: compileComputeKernel
  api=4 insize=10470 outsize=1373 ok=1
Cmd: compileComputeKernel
  api=4 insize=10470 outsize=1333 ok=1
Cmd: compileComputeKernel
  api=4 insize=10470 outsize=1469 ok=1
Cmd: compileComputeKernel
  api=4 insize=10470 outsize=1315 ok=1
Cmd: compileComputeKernel
  api=4 insize=10470 outsize=1288 ok=1
Cmd: compileComputeKernel
  api=4 insize=10470 outsize=1350 ok=1
Cmd: compileComputeKernel
  api=4 insize=10470 outsize=1368 ok=1
Cmd: compileComputeKernel
  api=4 insize=10470 outsize=1401 ok=1
Cmd: compileComputeKernel
  api=4 insize=10470 outsize=1378 ok=1
Cmd: compileComputeKernel
  api=4 insize=10470 outsize=1405 ok=1
Cmd: compileComputeKernel
  api=4 insize=10470 outsize=1361 ok=1
Cmd: compileComputeKernel
  api=4 insize=10470 outsize=1323 ok=1
