Base path: 'C:/Program Files/Unity/Hub/Editor/2020.1.13f1/Editor/Data', plugins path 'C:/Program Files/Unity/Hub/Editor/2020.1.13f1/Editor/Data/PlaybackEngines'
Cmd: initializeCompiler
Cmd: initializeCompiler
Cmd: compileSnippet
  api=4 type=1 insize=3469 outsize=406 kw= pd=UNITY_ENABLE_REFLECTION_BUFFERS UNITY_USE_DITHER_MASK_FOR_ALPHABLENDED_SHADOWS UNITY_PBS_USE_BRDF1 UNITY_SPECCUBE_BOX_PROJECTION UNITY_SPECCUBE_BLENDING UNITY_ENABLE_DETAIL_NORMALMAP SHADER_API_DESKTOP UNITY_COLORSPACE_GAMMA UNITY_LIGHT_PROBE_PROXY_VOLUME UNITY_LIGHTMAP_FULL_HDR dkw=UNITY_HDR_ON OFFSCREEN TRANSPARENCY_ON UNITY_NO_DXT5nm UNITY_ENABLE_NATIVE_SHADOW_LOOKUPS UNITY_METAL_SHADOWS_USE_POINT_FILTERING UNITY_NO_SCREENSPACE_SHADOWS UNITY_PBS_USE_BRDF2 UNITY_PBS_USE_BRDF3 UNITY_NO_FULL_STANDARD_SHADER UNITY_HARDWARE_TIER1 UNITY_HARDWARE_TIER2 UNITY_HARDWARE_TIER3 UNITY_HALF_PRECISION_FRAGMENT_SHADER_REGISTERS UNITY_LIGHTMAP_DLDR_ENCODING UNITY_LIGHTMAP_RGBM_ENCODING UNITY_VIRTUAL_TEXTURING ok=1
Cmd: initializeCompiler
Cmd: compileComputeKernel
  api=4 insize=222 outsize=632 ok=1
Cmd: compileComputeKernel
  api=4 insize=3405 outsize=35770 ok=1
Cmd: compileComputeKernel
  api=4 insize=3405 outsize=3088 ok=1
Cmd: compileComputeKernel
  api=4 insize=3405 outsize=3088 ok=1
Cmd: compileComputeKernel
  api=4 insize=3405 outsize=3729 ok=1
Cmd: compileComputeKernel
  api=4 insize=759 outsize=914 ok=1
Cmd: compileComputeKernel
  api=4 insize=759 outsize=757 ok=1
Cmd: compileComputeKernel
  api=4 insize=759 outsize=781 ok=1
Cmd: compileComputeKernel
  api=4 insize=958 outsize=1469 ok=1
Cmd: compileComputeKernel
  api=4 insize=958 outsize=1498 ok=1
Cmd: compileComputeKernel
  api=4 insize=13363 outsize=3687 ok=1
Cmd: compileComputeKernel
  api=4 insize=13751 outsize=1031 ok=1
Cmd: compileComputeKernel
  api=4 insize=13751 outsize=1852 ok=1
Cmd: compileComputeKernel
  api=4 insize=13751 outsize=2222 ok=1
Cmd: compileComputeKernel
  api=4 insize=4703 outsize=3374 ok=1
Cmd: compileComputeKernel
  api=4 insize=4703 outsize=3558 ok=1
Cmd: compileComputeKernel
  api=4 insize=75201 outsize=5745 ok=1
Cmd: compileComputeKernel
  api=4 insize=776 outsize=6368 ok=1
Cmd: compileComputeKernel
  api=4 insize=80473 outsize=10243 ok=1
Cmd: compileComputeKernel
  api=4 insize=80473 outsize=1693 ok=1
Cmd: compileComputeKernel
  api=4 insize=80473 outsize=1411 ok=1
Cmd: compileComputeKernel
  api=4 insize=80473 outsize=3339 ok=1
Cmd: compileComputeKernel
  api=4 insize=80473 outsize=3379 ok=1
Cmd: compileComputeKernel
  api=4 insize=80473 outsize=3402 ok=1
Cmd: compileComputeKernel
  api=4 insize=80473 outsize=3451 ok=1
Cmd: compileComputeKernel
  api=4 insize=80473 outsize=3403 ok=1
Cmd: compileComputeKernel
  api=4 insize=80473 outsize=3489 ok=1
Cmd: compileComputeKernel
  api=4 insize=80473 outsize=3493 ok=1
Cmd: compileComputeKernel
  api=4 insize=80473 outsize=3476 ok=1
Cmd: compileComputeKernel
  api=4 insize=80473 outsize=3580 ok=1
Cmd: compileComputeKernel
  api=4 insize=80473 outsize=5075 ok=1
Cmd: compileComputeKernel
  api=4 insize=80473 outsize=5077 ok=1
Cmd: compileComputeKernel
  api=4 insize=80473 outsize=5222 ok=1
Cmd: compileComputeKernel
  api=4 insize=80473 outsize=3578 ok=1
Cmd: compileComputeKernel
  api=4 insize=80473 outsize=3313 ok=1
Cmd: compileComputeKernel
  api=4 insize=80473 outsize=1594 ok=1
Cmd: compileComputeKernel
  api=4 insize=80473 outsize=1684 ok=1
Cmd: compileComputeKernel
  api=4 insize=80473 outsize=7101 ok=1
Cmd: compileComputeKernel
  api=4 insize=4442 outsize=1754 ok=1
Cmd: compileComputeKernel
  api=4 insize=958 outsize=1909 ok=1
Cmd: compileComputeKernel
  api=4 insize=467 outsize=3091 ok=1
Cmd: compileComputeKernel
  api=4 insize=467 outsize=3280 ok=1
Cmd: compileComputeKernel
  api=4 insize=10470 outsize=633 ok=1
Cmd: compileComputeKernel
  api=4 insize=10470 outsize=1161 ok=1
Cmd: compileComputeKernel
  api=4 insize=10470 outsize=954 ok=1
Cmd: compileComputeKernel
  api=4 insize=10470 outsize=763 ok=1
Cmd: compileComputeKernel
  api=4 insize=10470 outsize=1022 ok=1
Cmd: compileComputeKernel
  api=4 insize=10470 outsize=1317 ok=1
Cmd: compileComputeKernel
  api=4 insize=10470 outsize=776 ok=1
Cmd: compileComputeKernel
  api=4 insize=10470 outsize=1296 ok=1
Cmd: compileComputeKernel
  api=4 insize=10470 outsize=1551 ok=1
Cmd: compileComputeKernel
  api=4 insize=10470 outsize=1373 ok=1
Cmd: compileComputeKernel
  api=4 insize=10470 outsize=1446 ok=1
Cmd: compileComputeKernel
  api=4 insize=10470 outsize=1315 ok=1
Cmd: compileComputeKernel
  api=4 insize=10470 outsize=1373 ok=1
Cmd: compileComputeKernel
  api=4 insize=10470 outsize=1378 ok=1
Cmd: compileComputeKernel
  api=4 insize=10470 outsize=1401 ok=1
Cmd: compileComputeKernel
  api=4 insize=10470 outsize=1342 ok=1
Cmd: compileComputeKernel
  api=4 insize=10470 outsize=1384 ok=1
Cmd: compileComputeKernel
  api=4 insize=10470 outsize=1388 ok=1
