Base path: 'C:/Program Files/Unity/Hub/Editor/2020.1.13f1/Editor/Data', plugins path 'C:/Program Files/Unity/Hub/Editor/2020.1.13f1/Editor/Data/PlaybackEngines'
Cmd: initializeCompiler
Cmd: initializeCompiler
Cmd: compileSnippet
  api=4 type=0 insize=3504 outsize=322 kw= pd=UNITY_ENABLE_REFLECTION_BUFFERS UNITY_USE_DITHER_MASK_FOR_ALPHABLENDED_SHADOWS UNITY_PBS_USE_BRDF1 UNITY_SPECCUBE_BOX_PROJECTION UNITY_SPECCUBE_BLENDING UNITY_ENABLE_DETAIL_NORMALMAP SHADER_API_DESKTOP UNITY_COLORSPACE_GAMMA UNITY_LIGHT_PROBE_PROXY_VOLUME UNITY_LIGHTMAP_FULL_HDR dkw=UNITY_HDR_ON OFFSCREEN TRANSPARENCY_ON UNITY_NO_DXT5nm UNITY_ENABLE_NATIVE_SHADOW_LOOKUPS UNITY_METAL_SHADOWS_USE_POINT_FILTERING UNITY_NO_SCREENSPACE_SHADOWS UNITY_PBS_USE_BRDF2 UNITY_PBS_USE_BRDF3 UNITY_NO_FULL_STANDARD_SHADER UNITY_HARDWARE_TIER1 UNITY_HARDWARE_TIER2 UNITY_HARDWARE_TIER3 UNITY_HALF_PRECISION_FRAGMENT_SHADER_REGISTERS UNITY_LIGHTMAP_DLDR_ENCODING UNITY_LIGHTMAP_RGBM_ENCODING UNITY_VIRTUAL_TEXTURING ok=1
Cmd: initializeCompiler
Cmd: compileSnippet
  api=4 type=1 insize=2728 outsize=298 kw= pd=UNITY_ENABLE_REFLECTION_BUFFERS UNITY_USE_DITHER_MASK_FOR_ALPHABLENDED_SHADOWS UNITY_PBS_USE_BRDF1 UNITY_SPECCUBE_BOX_PROJECTION UNITY_SPECCUBE_BLENDING UNITY_ENABLE_DETAIL_NORMALMAP SHADER_API_DESKTOP UNITY_COLORSPACE_GAMMA UNITY_LIGHT_PROBE_PROXY_VOLUME UNITY_LIGHTMAP_FULL_HDR dkw=VERTICAL_FLIP SRGB_CONVERSION UNITY_NO_DXT5nm UNITY_ENABLE_NATIVE_SHADOW_LOOKUPS UNITY_METAL_SHADOWS_USE_POINT_FILTERING UNITY_NO_SCREENSPACE_SHADOWS UNITY_PBS_USE_BRDF2 UNITY_PBS_USE_BRDF3 UNITY_NO_FULL_STANDARD_SHADER UNITY_HARDWARE_TIER1 UNITY_HARDWARE_TIER2 UNITY_HARDWARE_TIER3 UNITY_HALF_PRECISION_FRAGMENT_SHADER_REGISTERS UNITY_LIGHTMAP_DLDR_ENCODING UNITY_LIGHTMAP_RGBM_ENCODING UNITY_VIRTUAL_TEXTURING ok=1
Cmd: compileComputeKernel
  api=4 insize=222 outsize=678 ok=1
Cmd: compileComputeKernel
  api=4 insize=3405 outsize=27634 ok=1
Cmd: compileComputeKernel
  api=4 insize=759 outsize=699 ok=1
Cmd: compileComputeKernel
  api=4 insize=759 outsize=852 ok=1
Cmd: compileComputeKernel
  api=4 insize=759 outsize=876 ok=1
Cmd: compileComputeKernel
  api=4 insize=958 outsize=1909 ok=1
Cmd: compileComputeKernel
  api=4 insize=958 outsize=1620 ok=1
Cmd: compileComputeKernel
  api=4 insize=13363 outsize=10974 ok=1
Cmd: compileComputeKernel
  api=4 insize=13751 outsize=1130 ok=1
Cmd: compileComputeKernel
  api=4 insize=13751 outsize=1935 ok=1
Cmd: compileComputeKernel
  api=4 insize=13751 outsize=1589 ok=1
Cmd: compileComputeKernel
  api=4 insize=4703 outsize=3433 ok=1
Cmd: compileComputeKernel
  api=4 insize=75201 outsize=5655 ok=1
Cmd: compileComputeKernel
  api=4 insize=776 outsize=10708 ok=1
Cmd: compileComputeKernel
  api=4 insize=80473 outsize=10971 ok=1
Cmd: compileComputeKernel
  api=4 insize=80473 outsize=1499 ok=1
Cmd: compileComputeKernel
  api=4 insize=80473 outsize=3416 ok=1
Cmd: compileComputeKernel
  api=4 insize=80473 outsize=3376 ok=1
Cmd: compileComputeKernel
  api=4 insize=80473 outsize=1847 ok=1
Cmd: compileComputeKernel
  api=4 insize=80473 outsize=1898 ok=1
Cmd: compileComputeKernel
  api=4 insize=80473 outsize=3484 ok=1
Cmd: compileComputeKernel
  api=4 insize=80473 outsize=3557 ok=1
Cmd: compileComputeKernel
  api=4 insize=80473 outsize=3403 ok=1
Cmd: compileComputeKernel
  api=4 insize=80473 outsize=3869 ok=1
Cmd: compileComputeKernel
  api=4 insize=80473 outsize=3379 ok=1
Cmd: compileComputeKernel
  api=4 insize=80473 outsize=3479 ok=1
Cmd: compileComputeKernel
  api=4 insize=80473 outsize=5043 ok=1
Cmd: compileComputeKernel
  api=4 insize=80473 outsize=5072 ok=1
Cmd: compileComputeKernel
  api=4 insize=80473 outsize=5222 ok=1
Cmd: compileComputeKernel
  api=4 insize=80473 outsize=3558 ok=1
Cmd: compileComputeKernel
  api=4 insize=80473 outsize=3433 ok=1
Cmd: compileComputeKernel
  api=4 insize=80473 outsize=3374 ok=1
Cmd: compileComputeKernel
  api=4 insize=80473 outsize=1453 ok=1
Cmd: compileComputeKernel
  api=4 insize=80473 outsize=7453 ok=1
Cmd: compileComputeKernel
  api=4 insize=4231 outsize=3548 ok=1
Cmd: compileComputeKernel
  api=4 insize=4442 outsize=1453 ok=1
Cmd: compileComputeKernel
  api=4 insize=958 outsize=1469 ok=1
Cmd: compileComputeKernel
  api=4 insize=467 outsize=3144 ok=1
Cmd: compileComputeKernel
  api=4 insize=467 outsize=3295 ok=1
Cmd: compileComputeKernel
  api=4 insize=10470 outsize=776 ok=1
Cmd: compileComputeKernel
  api=4 insize=10470 outsize=1036 ok=1
Cmd: compileComputeKernel
  api=4 insize=10470 outsize=800 ok=1
Cmd: compileComputeKernel
  api=4 insize=10470 outsize=791 ok=1
Cmd: compileComputeKernel
  api=4 insize=10470 outsize=851 ok=1
Cmd: compileComputeKernel
  api=4 insize=10470 outsize=681 ok=1
Cmd: compileComputeKernel
  api=4 insize=10470 outsize=681 ok=1
Cmd: compileComputeKernel
  api=4 insize=10470 outsize=1273 ok=1
Cmd: compileComputeKernel
  api=4 insize=10470 outsize=1800 ok=1
Cmd: compileComputeKernel
  api=4 insize=10470 outsize=1524 ok=1
Cmd: compileComputeKernel
  api=4 insize=10470 outsize=1310 ok=1
Cmd: compileComputeKernel
  api=4 insize=10470 outsize=1344 ok=1
Cmd: compileComputeKernel
  api=4 insize=10470 outsize=1300 ok=1
Cmd: compileComputeKernel
  api=4 insize=10470 outsize=1292 ok=1
Cmd: compileComputeKernel
  api=4 insize=10470 outsize=1847 ok=1
Cmd: compileComputeKernel
  api=4 insize=10470 outsize=1328 ok=1
Cmd: compileComputeKernel
  api=4 insize=10470 outsize=1338 ok=1
Cmd: compileComputeKernel
  api=4 insize=10470 outsize=1401 ok=1
Cmd: compileComputeKernel
  api=4 insize=10470 outsize=1382 ok=1
Cmd: compileComputeKernel
  api=4 insize=10470 outsize=1268 ok=1
Cmd: compileComputeKernel
  api=4 insize=10470 outsize=1300 ok=1
